test/ram/addiu_3_*.v: No such file or directory
test/tb/addiu_3_harvard_tb.v:87: error: Unknown module type: addiu_3_dram
test/tb/addiu_3_harvard_tb.v:96: error: Unknown module type: addiu_3_iram
test/tb/addiu_3_harvard_tb.v:101: error: Unknown module type: mips_cpu_harvard
4 error(s) during elaboration.
*** These modules were missing:
        addiu_3_dram referenced 1 times.
        addiu_3_iram referenced 1 times.
        mips_cpu_harvard referenced 1 times.
***
