test/ram/addiu_4_*.v: No such file or directory
test/tb/addiu_4_harvard_tb.v:89: error: Unknown module type: addiu_4_dram
test/tb/addiu_4_harvard_tb.v:98: error: Unknown module type: addiu_4_iram
test/tb/addiu_4_harvard_tb.v:103: error: Unknown module type: mips_cpu_harvard
4 error(s) during elaboration.
*** These modules were missing:
        addiu_4_dram referenced 1 times.
        addiu_4_iram referenced 1 times.
        mips_cpu_harvard referenced 1 times.
***
