test/tb/lw_1_bus_tb.v:51: syntax error
test/tb/lw_1_bus_tb.v:52: Syntax in assignment statement l-value.
test/tb/lw_1_bus_tb.v:54: syntax error
test/tb/lw_1_bus_tb.v:55: Syntax in assignment statement l-value.
test/tb/lw_1_bus_tb.v:60: syntax error
test/tb/lw_1_bus_tb.v:61: error: malformed statement
test/tb/lw_1_bus_tb.v:65: syntax error
test/tb/lw_1_bus_tb.v:66: error: malformed statement
test/tb/lw_1_bus_tb.v:106: syntax error
test/tb/lw_1_bus_tb.v:107: error: malformed statement
test/tb/lw_1_bus_tb.v:114: syntax error
test/tb/lw_1_bus_tb.v:129: error: malformed statement
test/tb/lw_1_bus_tb.v:131: syntax error
rtl/mips_cpu/alu.v:7: error: malformed statement
rtl/mips_cpu/alu.v:8: syntax error
rtl/mips_cpu/alu.v:8: error: malformed statement
rtl/mips_cpu/alu.v:11: syntax error
rtl/mips_cpu/alu.v:11: error: malformed statement
rtl/mips_cpu/alu.v:13: syntax error
rtl/mips_cpu/alu.v:13: error: malformed statement
rtl/mips_cpu/alu.v:18: syntax error
rtl/mips_cpu/alu.v:18: error: malformed statement
rtl/mips_cpu/alu.v:22: syntax error
rtl/mips_cpu/alu.v:22: error: malformed statement
rtl/mips_cpu/alu.v:24: syntax error
rtl/mips_cpu/alu.v:24: error: malformed statement
rtl/mips_cpu/alu.v:27: syntax error
rtl/mips_cpu/alu.v:27: error: malformed statement
rtl/mips_cpu/alu.v:30: syntax error
rtl/mips_cpu/alu.v:30: error: malformed statement
rtl/mips_cpu/alu.v:33: syntax error
rtl/mips_cpu/alu.v:33: error: malformed statement
rtl/mips_cpu/alu.v:36: syntax error
rtl/mips_cpu/alu.v:36: error: malformed statement
rtl/mips_cpu/alu.v:39: syntax error
rtl/mips_cpu/alu.v:39: error: malformed statement
rtl/mips_cpu/alu.v:43: syntax error
rtl/mips_cpu/alu.v:44: Syntax in assignment statement l-value.
rtl/mips_cpu/bus_control.v:7: error: Superfluous comma in port declaration list.
rtl/mips_cpu/bus_control.v:14: warning: implicit definition of wire 'alu_src'.
rtl/mips_cpu/bus_control.v:15: warning: implicit definition of wire 'mem_write'.
rtl/mips_cpu/bus_control.v:17: warning: implicit definition of wire 'reg_dst'.
rtl/mips_cpu/bus_control.v:18: warning: implicit definition of wire 'reg_write'.
rtl/mips_cpu/data_ram_byte_adressed.v:3: error: 'data_ram' has already been declared in this scope.
rtl/mips_cpu/data_ram.v:3:      : It was declared here as a module.
rtl/mips_cpu/data_ram_byte_adressed.v:26: syntax error
rtl/mips_cpu/data_ram_byte_adressed.v:27: Syntax in assignment statement l-value.
rtl/mips_cpu/data_ram_byte_adressed.v:32: syntax error
rtl/mips_cpu/data_ram_byte_adressed.v:48: error: invalid module item.
rtl/mips_cpu/data_ram_byte_adressed.v:52: syntax error
rtl/mips_cpu/data_ram_byte_adressed.v:57: error: invalid module item.
rtl/mips_cpu/data_ram_byte_adressed.v:58: syntax error
rtl/mips_cpu/data_ram_byte_adressed.v:59: error: invalid module item.
rtl/mips_cpu/data_ram_byte_adressed.v:60: syntax error
rtl/mips_cpu/data_ram_byte_adressed.v:61: error: invalid module item.
rtl/mips_cpu/data_ram_byte_adressed.v:62: syntax error
rtl/mips_cpu/data_ram_byte_adressed.v:63: error: invalid module item.
rtl/mips_cpu/data_ram_byte_adressed.v:64: syntax error
rtl/mips_cpu/hl_reg.v:7: error: invalid module item.
rtl/mips_cpu/hl_reg.v:10: warning: implicit definition of wire 'data_out'.
rtl/mips_cpu/hl_reg.v:21: Module data_ram was already declared here: rtl/mips_cpu/data_ram.v:3

rtl/mips_cpu_bus.v:43: error: 'register_v0' has already been declared in this scope.
rtl/mips_cpu_bus.v:6:      : It was declared here as a variable.
rtl/mips_cpu_bus.v:65: warning: implicit definition of wire 'reg_write_data_b4mux'.
rtl/mips_cpu_bus.v:74: warning: implicit definition of wire 'clk_enable'.
rtl/mips_cpu_bus.v:80: warning: implicit definition of wire 'reg_a_read_data'.
rtl/mips_cpu_bus.v:81: warning: implicit definition of wire 'reg_b_read_data'.
rtl/mips_cpu_bus.v:117: syntax error
rtl/mips_cpu_bus.v:117: error: syntax error in continuous assignment
rtl/mips_cpu_bus.v:128: syntax error
rtl/mips_cpu_bus.v:128: syntax error
rtl/mips_cpu_bus.v:128: syntax error
rtl/mips_cpu_bus.v:128: error: syntax error in continuous assignment
rtl/mips_cpu_harvard.v:243: syntax error
I give up.
